{"contracts/Game.sol":{"l":{"44":19,"49":17,"53":7,"54":5,"58":7,"59":5,"63":13,"64":11,"68":42,"69":41,"73":35,"74":33,"78":13,"79":11,"84":3,"85":1,"86":1,"90":2,"91":2,"95":1,"118":2,"119":2,"139":2,"140":1,"141":1,"142":1,"143":2,"144":2,"145":2,"146":2,"147":2,"148":2,"149":2,"150":2,"153":1,"162":9,"163":9,"164":9,"175":9,"176":9,"177":9,"187":1,"188":1,"189":1,"190":1,"201":11,"203":11,"204":11,"206":7,"207":2,"210":7,"211":7,"212":7,"213":7,"214":7,"215":7,"216":7,"217":7,"231":11,"232":11,"233":11,"234":6,"236":5,"238":11,"239":11,"240":9,"241":9,"243":9,"245":9,"246":3,"250":3,"261":4,"262":4,"263":4,"264":4,"265":1,"267":2,"269":1,"275":23,"276":23,"277":19,"282":23,"283":23,"286":23,"288":19,"289":17,"290":1,"291":1,"293":17,"297":4,"298":3,"299":3,"301":4,"317":23,"318":23,"319":42,"320":17,"321":17,"324":23,"330":21,"331":20,"332":20,"334":20,"335":18,"336":4,"337":4,"342":20,"344":4,"345":4,"347":4,"353":7,"354":7,"355":2,"356":2,"358":3,"359":3,"361":2,"362":2,"363":2,"364":2,"366":7,"367":7,"371":20,"372":20,"380":11,"388":3,"389":3,"390":1,"392":1,"394":1},"path":"/home/zhangk/Documents/github/cpchain-dapps-handgame/contracts/Game.sol","s":{"1":19,"2":7,"3":7,"4":13,"5":42,"6":35,"7":13,"8":3,"9":1,"10":1,"11":2,"12":2,"13":1,"14":2,"15":2,"16":2,"17":1,"18":1,"19":1,"20":2,"21":2,"22":2,"23":2,"24":2,"25":2,"26":2,"27":2,"28":1,"29":9,"30":9,"31":9,"32":9,"33":9,"34":1,"35":1,"36":1,"37":1,"38":11,"39":11,"40":11,"41":7,"42":2,"43":7,"44":7,"45":7,"46":7,"47":7,"48":7,"49":7,"50":7,"51":11,"52":11,"53":11,"54":6,"55":5,"56":11,"57":11,"58":9,"59":9,"60":9,"61":9,"62":3,"63":3,"64":4,"65":4,"66":4,"67":4,"68":1,"69":3,"70":2,"71":1,"72":23,"73":23,"74":19,"75":23,"76":23,"77":23,"78":19,"79":17,"80":1,"81":1,"82":17,"83":4,"84":3,"85":3,"86":4,"87":23,"88":23,"89":42,"90":17,"91":23,"92":21,"93":20,"94":20,"95":20,"96":18,"97":4,"98":20,"99":4,"100":4,"101":4,"102":7,"103":7,"104":2,"105":2,"106":5,"107":3,"108":3,"109":2,"110":2,"111":2,"112":2,"113":7,"114":7,"115":20,"116":20,"117":11,"118":3,"119":3,"120":1,"121":2,"122":1,"123":1},"b":{"1":[17,2],"2":[5,2],"3":[5,2],"4":[11,2],"5":[41,1],"6":[33,2],"7":[11,2],"8":[1,2],"9":[1,1],"10":[7,4],"11":[2,5],"12":[6,5],"13":[9,2],"14":[3,6],"15":[1,3],"16":[2,1],"17":[19,4],"18":[19,4],"19":[17,2],"20":[1,16],"21":[3,1],"22":[17,25],"23":[20,1],"24":[4,14],"25":[4,16],"26":[2,5],"27":[3,2],"28":[1,2],"29":[1,1]},"f":{"1":3,"2":19,"3":7,"4":7,"5":13,"6":42,"7":35,"8":13,"9":3,"10":2,"11":1,"12":2,"13":2,"14":9,"15":1,"16":11,"17":11,"18":4,"19":23,"20":23,"21":21,"22":7,"23":20,"24":11,"25":3},"fnMap":{"1":{"name":"constructor","line":19,"loc":{"start":{"line":17,"column":4},"end":{"line":20,"column":5}}},"2":{"name":"onlyPlayer","line":43,"loc":{"start":{"line":43,"column":4},"end":{"line":50,"column":4}}},"3":{"name":"onlyStarter","line":52,"loc":{"start":{"line":52,"column":4},"end":{"line":55,"column":4}}},"4":{"name":"onlyTimeout","line":57,"loc":{"start":{"line":57,"column":4},"end":{"line":60,"column":4}}},"5":{"name":"notTimeout","line":62,"loc":{"start":{"line":62,"column":4},"end":{"line":65,"column":4}}},"6":{"name":"onlyGameStarted","line":67,"loc":{"start":{"line":67,"column":4},"end":{"line":70,"column":4}}},"7":{"name":"needGameStatus","line":72,"loc":{"start":{"line":72,"column":4},"end":{"line":75,"column":4}}},"8":{"name":"needCurrentContent","line":77,"loc":{"start":{"line":77,"column":4},"end":{"line":80,"column":4}}},"9":{"name":"setMaxLimit","line":83,"loc":{"start":{"line":83,"column":4},"end":{"line":87,"column":4}}},"10":{"name":"setTimeoutLimit","line":89,"loc":{"start":{"line":89,"column":4},"end":{"line":92,"column":4}}},"11":{"name":"viewTopPlayers","line":94,"loc":{"start":{"line":94,"column":4},"end":{"line":96,"column":4}}},"12":{"name":"viewGame","line":102,"loc":{"start":{"line":99,"column":4},"end":{"line":133,"column":4}}},"13":{"name":"viewLatestGames","line":138,"loc":{"start":{"line":138,"column":4},"end":{"line":154,"column":4}}},"14":{"name":"startGame","line":160,"loc":{"start":{"line":157,"column":4},"end":{"line":178,"column":4}}},"15":{"name":"cancelGame","line":185,"loc":{"start":{"line":180,"column":4},"end":{"line":191,"column":4}}},"16":{"name":"joinGame","line":199,"loc":{"start":{"line":194,"column":4},"end":{"line":218,"column":4}}},"17":{"name":"openCard","line":229,"loc":{"start":{"line":220,"column":4},"end":{"line":252,"column":4}}},"18":{"name":"finishTimeoutGame","line":259,"loc":{"start":{"line":254,"column":4},"end":{"line":271,"column":4}}},"19":{"name":"_mintAndSort","line":274,"loc":{"start":{"line":274,"column":4},"end":{"line":303,"column":4}}},"20":{"name":"_indexOfTopPlayerList","line":316,"loc":{"start":{"line":316,"column":4},"end":{"line":325,"column":4}}},"21":{"name":"_resortPlayerList","line":329,"loc":{"start":{"line":329,"column":4},"end":{"line":350,"column":4}}},"22":{"name":"_finishGame","line":352,"loc":{"start":{"line":352,"column":4},"end":{"line":368,"column":4}}},"23":{"name":"_isTimeout","line":370,"loc":{"start":{"line":370,"column":4},"end":{"line":373,"column":4}}},"24":{"name":"_validateCard","line":375,"loc":{"start":{"line":375,"column":4},"end":{"line":381,"column":4}}},"25":{"name":"_winOrLose","line":383,"loc":{"start":{"line":383,"column":4},"end":{"line":396,"column":4}}}},"statementMap":{"1":{"start":{"line":44,"column":8},"end":{"line":44,"column":1265}},"2":{"start":{"line":53,"column":8},"end":{"line":53,"column":72}},"3":{"start":{"line":58,"column":8},"end":{"line":58,"column":56}},"4":{"start":{"line":63,"column":8},"end":{"line":63,"column":50}},"5":{"start":{"line":68,"column":8},"end":{"line":68,"column":57}},"6":{"start":{"line":73,"column":8},"end":{"line":73,"column":67}},"7":{"start":{"line":78,"column":8},"end":{"line":78,"column":59}},"8":{"start":{"line":84,"column":8},"end":{"line":84,"column":48}},"9":{"start":{"line":85,"column":8},"end":{"line":85,"column":23}},"10":{"start":{"line":86,"column":8},"end":{"line":86,"column":31}},"11":{"start":{"line":90,"column":8},"end":{"line":90,"column":27}},"12":{"start":{"line":91,"column":8},"end":{"line":91,"column":35}},"13":{"start":{"line":95,"column":8},"end":{"line":95,"column":28}},"14":{"start":{"line":118,"column":8},"end":{"line":118,"column":44}},"15":{"start":{"line":119,"column":8},"end":{"line":119,"column":3096}},"16":{"start":{"line":139,"column":8},"end":{"line":139,"column":60}},"17":{"start":{"line":140,"column":8},"end":{"line":140,"column":72}},"18":{"start":{"line":141,"column":8},"end":{"line":141,"column":65}},"19":{"start":{"line":142,"column":8},"end":{"line":142,"column":3818}},"20":{"start":{"line":143,"column":12},"end":{"line":143,"column":65}},"21":{"start":{"line":144,"column":12},"end":{"line":144,"column":58}},"22":{"start":{"line":145,"column":12},"end":{"line":145,"column":49}},"23":{"start":{"line":146,"column":12},"end":{"line":146,"column":52}},"24":{"start":{"line":147,"column":12},"end":{"line":147,"column":59}},"25":{"start":{"line":148,"column":12},"end":{"line":148,"column":58}},"26":{"start":{"line":149,"column":12},"end":{"line":149,"column":58}},"27":{"start":{"line":150,"column":12},"end":{"line":150,"column":50}},"28":{"start":{"line":153,"column":8},"end":{"line":153,"column":30}},"29":{"start":{"line":162,"column":8},"end":{"line":162,"column":55}},"30":{"start":{"line":163,"column":8},"end":{"line":163,"column":51}},"31":{"start":{"line":164,"column":8},"end":{"line":164,"column":4639}},"32":{"start":{"line":176,"column":8},"end":{"line":176,"column":23}},"33":{"start":{"line":177,"column":8},"end":{"line":177,"column":79}},"34":{"start":{"line":187,"column":8},"end":{"line":187,"column":45}},"35":{"start":{"line":188,"column":8},"end":{"line":188,"column":22}},"36":{"start":{"line":189,"column":8},"end":{"line":189,"column":39}},"37":{"start":{"line":190,"column":8},"end":{"line":190,"column":34}},"38":{"start":{"line":201,"column":8},"end":{"line":201,"column":45}},"39":{"start":{"line":203,"column":8},"end":{"line":203,"column":58}},"40":{"start":{"line":204,"column":8},"end":{"line":204,"column":60}},"41":{"start":{"line":206,"column":8},"end":{"line":206,"column":5784}},"42":{"start":{"line":207,"column":12},"end":{"line":207,"column":58}},"43":{"start":{"line":210,"column":8},"end":{"line":210,"column":31}},"44":{"start":{"line":211,"column":8},"end":{"line":211,"column":35}},"45":{"start":{"line":212,"column":8},"end":{"line":212,"column":49}},"46":{"start":{"line":213,"column":8},"end":{"line":213,"column":52}},"47":{"start":{"line":214,"column":8},"end":{"line":214,"column":22}},"48":{"start":{"line":215,"column":8},"end":{"line":215,"column":36}},"49":{"start":{"line":216,"column":8},"end":{"line":216,"column":35}},"50":{"start":{"line":217,"column":8},"end":{"line":217,"column":65}},"51":{"start":{"line":231,"column":8},"end":{"line":231,"column":45}},"52":{"start":{"line":232,"column":8},"end":{"line":232,"column":29}},"53":{"start":{"line":233,"column":8},"end":{"line":233,"column":6577}},"54":{"start":{"line":234,"column":12},"end":{"line":234,"column":34}},"55":{"start":{"line":236,"column":12},"end":{"line":236,"column":33}},"56":{"start":{"line":238,"column":8},"end":{"line":238,"column":62}},"57":{"start":{"line":239,"column":8},"end":{"line":239,"column":48}},"58":{"start":{"line":240,"column":8},"end":{"line":240,"column":21}},"59":{"start":{"line":241,"column":8},"end":{"line":241,"column":29}},"60":{"start":{"line":243,"column":8},"end":{"line":243,"column":57}},"61":{"start":{"line":245,"column":8},"end":{"line":245,"column":6951}},"62":{"start":{"line":246,"column":12},"end":{"line":246,"column":7037}},"63":{"start":{"line":250,"column":12},"end":{"line":250,"column":33}},"64":{"start":{"line":261,"column":8},"end":{"line":261,"column":44}},"65":{"start":{"line":262,"column":8},"end":{"line":262,"column":50}},"66":{"start":{"line":263,"column":8},"end":{"line":263,"column":48}},"67":{"start":{"line":264,"column":8},"end":{"line":264,"column":7549}},"68":{"start":{"line":265,"column":12},"end":{"line":265,"column":33}},"69":{"start":{"line":266,"column":15},"end":{"line":266,"column":7628}},"70":{"start":{"line":267,"column":12},"end":{"line":267,"column":34}},"71":{"start":{"line":269,"column":12},"end":{"line":269,"column":33}},"72":{"start":{"line":275,"column":8},"end":{"line":275,"column":40}},"73":{"start":{"line":276,"column":8},"end":{"line":276,"column":7905}},"74":{"start":{"line":277,"column":12},"end":{"line":277,"column":7968}},"75":{"start":{"line":282,"column":8},"end":{"line":282,"column":29}},"76":{"start":{"line":283,"column":8},"end":{"line":283,"column":54}},"77":{"start":{"line":286,"column":8},"end":{"line":286,"column":8219}},"78":{"start":{"line":288,"column":12},"end":{"line":288,"column":8325}},"79":{"start":{"line":289,"column":16},"end":{"line":289,"column":8394}},"80":{"start":{"line":290,"column":20},"end":{"line":290,"column":68}},"81":{"start":{"line":291,"column":20},"end":{"line":291,"column":60}},"82":{"start":{"line":293,"column":16},"end":{"line":293,"column":50}},"83":{"start":{"line":297,"column":12},"end":{"line":297,"column":8718}},"84":{"start":{"line":298,"column":16},"end":{"line":298,"column":42}},"85":{"start":{"line":299,"column":16},"end":{"line":299,"column":56}},"86":{"start":{"line":301,"column":12},"end":{"line":301,"column":46}},"87":{"start":{"line":317,"column":8},"end":{"line":317,"column":26}},"88":{"start":{"line":318,"column":8},"end":{"line":318,"column":9380}},"89":{"start":{"line":319,"column":12},"end":{"line":319,"column":9449}},"90":{"start":{"line":320,"column":16},"end":{"line":320,"column":33}},"91":{"start":{"line":324,"column":8},"end":{"line":324,"column":22}},"92":{"start":{"line":330,"column":8},"end":{"line":330,"column":9731}},"93":{"start":{"line":331,"column":12},"end":{"line":331,"column":51}},"94":{"start":{"line":332,"column":12},"end":{"line":332,"column":43}},"95":{"start":{"line":334,"column":12},"end":{"line":334,"column":9922}},"96":{"start":{"line":335,"column":16},"end":{"line":335,"column":9983}},"97":{"start":{"line":336,"column":20},"end":{"line":336,"column":31}},"98":{"start":{"line":342,"column":12},"end":{"line":342,"column":10175}},"99":{"start":{"line":344,"column":16},"end":{"line":344,"column":10276}},"100":{"start":{"line":345,"column":20},"end":{"line":345,"column":58}},"101":{"start":{"line":347,"column":16},"end":{"line":347,"column":48}},"102":{"start":{"line":353,"column":8},"end":{"line":353,"column":45}},"103":{"start":{"line":354,"column":8},"end":{"line":354,"column":10594}},"104":{"start":{"line":355,"column":12},"end":{"line":355,"column":45}},"105":{"start":{"line":356,"column":12},"end":{"line":356,"column":40}},"106":{"start":{"line":357,"column":15},"end":{"line":357,"column":10714}},"107":{"start":{"line":358,"column":12},"end":{"line":358,"column":44}},"108":{"start":{"line":359,"column":12},"end":{"line":359,"column":39}},"109":{"start":{"line":361,"column":12},"end":{"line":361,"column":49}},"110":{"start":{"line":362,"column":12},"end":{"line":362,"column":48}},"111":{"start":{"line":363,"column":12},"end":{"line":363,"column":40}},"112":{"start":{"line":364,"column":12},"end":{"line":364,"column":39}},"113":{"start":{"line":366,"column":8},"end":{"line":366,"column":22}},"114":{"start":{"line":367,"column":8},"end":{"line":367,"column":36}},"115":{"start":{"line":371,"column":8},"end":{"line":371,"column":44}},"116":{"start":{"line":372,"column":8},"end":{"line":372,"column":48}},"117":{"start":{"line":380,"column":8},"end":{"line":380,"column":75}},"118":{"start":{"line":388,"column":8},"end":{"line":388,"column":51}},"119":{"start":{"line":389,"column":8},"end":{"line":389,"column":11671}},"120":{"start":{"line":390,"column":12},"end":{"line":390,"column":20}},"121":{"start":{"line":391,"column":15},"end":{"line":391,"column":11733}},"122":{"start":{"line":392,"column":12},"end":{"line":392,"column":21}},"123":{"start":{"line":394,"column":12},"end":{"line":394,"column":20}}},"branchMap":{"1":{"line":44,"type":"if","locations":[{"start":{"line":44,"column":8},"end":{"line":44,"column":8}},{"start":{"line":44,"column":8},"end":{"line":44,"column":8}}]},"2":{"line":53,"type":"if","locations":[{"start":{"line":53,"column":8},"end":{"line":53,"column":8}},{"start":{"line":53,"column":8},"end":{"line":53,"column":8}}]},"3":{"line":58,"type":"if","locations":[{"start":{"line":58,"column":8},"end":{"line":58,"column":8}},{"start":{"line":58,"column":8},"end":{"line":58,"column":8}}]},"4":{"line":63,"type":"if","locations":[{"start":{"line":63,"column":8},"end":{"line":63,"column":8}},{"start":{"line":63,"column":8},"end":{"line":63,"column":8}}]},"5":{"line":68,"type":"if","locations":[{"start":{"line":68,"column":8},"end":{"line":68,"column":8}},{"start":{"line":68,"column":8},"end":{"line":68,"column":8}}]},"6":{"line":73,"type":"if","locations":[{"start":{"line":73,"column":8},"end":{"line":73,"column":8}},{"start":{"line":73,"column":8},"end":{"line":73,"column":8}}]},"7":{"line":78,"type":"if","locations":[{"start":{"line":78,"column":8},"end":{"line":78,"column":8}},{"start":{"line":78,"column":8},"end":{"line":78,"column":8}}]},"8":{"line":84,"type":"if","locations":[{"start":{"line":84,"column":8},"end":{"line":84,"column":8}},{"start":{"line":84,"column":8},"end":{"line":84,"column":8}}]},"9":{"line":139,"type":"if","locations":[{"start":{"line":139,"column":8},"end":{"line":139,"column":8}},{"start":{"line":139,"column":8},"end":{"line":139,"column":8}}]},"10":{"line":204,"type":"if","locations":[{"start":{"line":204,"column":8},"end":{"line":204,"column":8}},{"start":{"line":204,"column":8},"end":{"line":204,"column":8}}]},"11":{"line":206,"type":"if","locations":[{"start":{"line":206,"column":8},"end":{"line":206,"column":8}},{"start":{"line":206,"column":8},"end":{"line":206,"column":8}}]},"12":{"line":233,"type":"if","locations":[{"start":{"line":233,"column":8},"end":{"line":233,"column":8}},{"start":{"line":233,"column":8},"end":{"line":233,"column":8}}]},"13":{"line":239,"type":"if","locations":[{"start":{"line":239,"column":8},"end":{"line":239,"column":8}},{"start":{"line":239,"column":8},"end":{"line":239,"column":8}}]},"14":{"line":245,"type":"if","locations":[{"start":{"line":245,"column":8},"end":{"line":245,"column":8}},{"start":{"line":245,"column":8},"end":{"line":245,"column":8}}]},"15":{"line":264,"type":"if","locations":[{"start":{"line":264,"column":8},"end":{"line":264,"column":8}},{"start":{"line":264,"column":8},"end":{"line":264,"column":8}}]},"16":{"line":266,"type":"if","locations":[{"start":{"line":266,"column":15},"end":{"line":266,"column":15}},{"start":{"line":266,"column":15},"end":{"line":266,"column":15}}]},"17":{"line":276,"type":"if","locations":[{"start":{"line":276,"column":8},"end":{"line":276,"column":8}},{"start":{"line":276,"column":8},"end":{"line":276,"column":8}}]},"18":{"line":286,"type":"if","locations":[{"start":{"line":286,"column":8},"end":{"line":286,"column":8}},{"start":{"line":286,"column":8},"end":{"line":286,"column":8}}]},"19":{"line":288,"type":"if","locations":[{"start":{"line":288,"column":12},"end":{"line":288,"column":12}},{"start":{"line":288,"column":12},"end":{"line":288,"column":12}}]},"20":{"line":289,"type":"if","locations":[{"start":{"line":289,"column":16},"end":{"line":289,"column":16}},{"start":{"line":289,"column":16},"end":{"line":289,"column":16}}]},"21":{"line":297,"type":"if","locations":[{"start":{"line":297,"column":12},"end":{"line":297,"column":12}},{"start":{"line":297,"column":12},"end":{"line":297,"column":12}}]},"22":{"line":319,"type":"if","locations":[{"start":{"line":319,"column":12},"end":{"line":319,"column":12}},{"start":{"line":319,"column":12},"end":{"line":319,"column":12}}]},"23":{"line":330,"type":"if","locations":[{"start":{"line":330,"column":8},"end":{"line":330,"column":8}},{"start":{"line":330,"column":8},"end":{"line":330,"column":8}}]},"24":{"line":335,"type":"if","locations":[{"start":{"line":335,"column":16},"end":{"line":335,"column":16}},{"start":{"line":335,"column":16},"end":{"line":335,"column":16}}]},"25":{"line":342,"type":"if","locations":[{"start":{"line":342,"column":12},"end":{"line":342,"column":12}},{"start":{"line":342,"column":12},"end":{"line":342,"column":12}}]},"26":{"line":354,"type":"if","locations":[{"start":{"line":354,"column":8},"end":{"line":354,"column":8}},{"start":{"line":354,"column":8},"end":{"line":354,"column":8}}]},"27":{"line":357,"type":"if","locations":[{"start":{"line":357,"column":15},"end":{"line":357,"column":15}},{"start":{"line":357,"column":15},"end":{"line":357,"column":15}}]},"28":{"line":389,"type":"if","locations":[{"start":{"line":389,"column":8},"end":{"line":389,"column":8}},{"start":{"line":389,"column":8},"end":{"line":389,"column":8}}]},"29":{"line":391,"type":"if","locations":[{"start":{"line":391,"column":15},"end":{"line":391,"column":15}},{"start":{"line":391,"column":15},"end":{"line":391,"column":15}}]}}},"contracts/interfaces/IGame.sol":{"l":{},"path":"/home/zhangk/Documents/github/cpchain-dapps-handgame/contracts/interfaces/IGame.sol","s":{},"b":{},"f":{},"fnMap":{},"statementMap":{},"branchMap":{}},"contracts/interfaces/IPlayer.sol":{"l":{},"path":"/home/zhangk/Documents/github/cpchain-dapps-handgame/contracts/interfaces/IPlayer.sol","s":{},"b":{},"f":{},"fnMap":{},"statementMap":{},"branchMap":{}},"contracts/interfaces/IStarter.sol":{"l":{},"path":"/home/zhangk/Documents/github/cpchain-dapps-handgame/contracts/interfaces/IStarter.sol","s":{},"b":{},"f":{},"fnMap":{},"statementMap":{},"branchMap":{}}}