{"contracts/Game.sol":{"l":{"34":0,"39":0,"43":0,"44":0,"48":0,"49":0,"53":0,"54":0,"55":0,"59":0,"60":0,"61":0,"69":0,"71":0,"72":0,"74":0,"75":0,"78":0,"79":0,"80":0,"81":0,"82":0,"90":0,"91":0,"92":0,"93":0,"95":0,"98":0,"99":0,"100":0,"101":0,"103":0,"104":0,"108":0,"109":0,"111":0,"113":0,"114":0,"124":0,"125":0,"126":0,"127":0,"128":0,"129":0,"131":0,"133":0,"134":0,"140":0,"141":0,"142":0,"152":0,"153":0,"154":0,"162":0,"163":0,"164":0,"165":0,"170":0,"178":0,"186":0,"187":0,"188":0,"190":0,"192":0,"194":0},"path":"/home/zhangk/Documents/github/cpchain-dapps-handgame/contracts/Game.sol","s":{"1":0,"2":0,"3":0,"4":0,"5":0,"6":0,"7":0,"8":0,"9":0,"10":0,"11":0,"12":0,"13":0,"14":0,"15":0,"16":0,"17":0,"18":0,"19":0,"20":0,"21":0,"22":0,"23":0,"24":0,"25":0,"26":0,"27":0,"28":0,"29":0,"30":0,"31":0,"32":0,"33":0,"34":0,"35":0,"36":0,"37":0,"38":0,"39":0,"40":0,"41":0,"42":0,"43":0,"44":0,"45":0,"46":0,"47":0,"48":0,"49":0,"50":0,"51":0,"52":0,"53":0,"54":0,"55":0,"56":0,"57":0,"58":0,"59":0,"60":0,"61":0,"62":0,"63":0,"64":0,"65":0},"b":{"1":[0,0],"2":[0,0],"3":[0,0],"4":[0,0],"5":[0,0],"6":[0,0],"7":[0,0],"8":[0,0],"9":[0,0],"10":[0,0],"11":[0,0],"12":[0,0],"13":[0,0],"14":[0,0],"15":[0,0],"16":[0,0],"17":[0,0],"18":[0,0]},"f":{"1":0,"2":0,"3":0,"4":0,"5":0,"6":0,"7":0,"8":0,"9":0,"10":0,"11":0,"12":0,"13":0},"fnMap":{"1":{"name":"onlyPlayer","line":33,"loc":{"start":{"line":33,"column":4},"end":{"line":40,"column":4}}},"2":{"name":"onlyStarter","line":42,"loc":{"start":{"line":42,"column":4},"end":{"line":45,"column":4}}},"3":{"name":"needGameStatus","line":47,"loc":{"start":{"line":47,"column":4},"end":{"line":50,"column":4}}},"4":{"name":"setMaxLimit","line":52,"loc":{"start":{"line":52,"column":4},"end":{"line":56,"column":4}}},"5":{"name":"setTimeoutLimit","line":58,"loc":{"start":{"line":58,"column":4},"end":{"line":62,"column":4}}},"6":{"name":"joinGame","line":67,"loc":{"start":{"line":64,"column":4},"end":{"line":83,"column":4}}},"7":{"name":"openCard","line":89,"loc":{"start":{"line":85,"column":4},"end":{"line":117,"column":4}}},"8":{"name":"timeoutGame","line":122,"loc":{"start":{"line":119,"column":4},"end":{"line":137,"column":4}}},"9":{"name":"startGame","line":139,"loc":{"start":{"line":139,"column":4},"end":{"line":155,"column":4}}},"10":{"name":"cancelGame","line":160,"loc":{"start":{"line":157,"column":4},"end":{"line":166,"column":4}}},"11":{"name":"_isTimeout","line":169,"loc":{"start":{"line":169,"column":4},"end":{"line":171,"column":4}}},"12":{"name":"_validateCard","line":173,"loc":{"start":{"line":173,"column":4},"end":{"line":179,"column":4}}},"13":{"name":"_winOrLose","line":181,"loc":{"start":{"line":181,"column":4},"end":{"line":196,"column":4}}}},"statementMap":{"1":{"start":{"line":34,"column":8},"end":{"line":34,"column":946}},"2":{"start":{"line":43,"column":8},"end":{"line":43,"column":70}},"3":{"start":{"line":48,"column":8},"end":{"line":48,"column":61}},"4":{"start":{"line":53,"column":8},"end":{"line":53,"column":32}},"5":{"start":{"line":54,"column":8},"end":{"line":54,"column":23}},"6":{"start":{"line":55,"column":8},"end":{"line":55,"column":31}},"7":{"start":{"line":59,"column":8},"end":{"line":59,"column":32}},"8":{"start":{"line":60,"column":8},"end":{"line":60,"column":27}},"9":{"start":{"line":61,"column":8},"end":{"line":61,"column":35}},"10":{"start":{"line":69,"column":8},"end":{"line":69,"column":45}},"11":{"start":{"line":71,"column":8},"end":{"line":71,"column":57}},"12":{"start":{"line":72,"column":8},"end":{"line":72,"column":40}},"13":{"start":{"line":74,"column":8},"end":{"line":74,"column":2025}},"14":{"start":{"line":75,"column":12},"end":{"line":75,"column":55}},"15":{"start":{"line":78,"column":8},"end":{"line":78,"column":31}},"16":{"start":{"line":79,"column":8},"end":{"line":79,"column":35}},"17":{"start":{"line":80,"column":8},"end":{"line":80,"column":36}},"18":{"start":{"line":81,"column":8},"end":{"line":81,"column":52}},"19":{"start":{"line":82,"column":8},"end":{"line":82,"column":49}},"20":{"start":{"line":90,"column":8},"end":{"line":90,"column":45}},"21":{"start":{"line":91,"column":8},"end":{"line":91,"column":29}},"22":{"start":{"line":92,"column":8},"end":{"line":92,"column":2588}},"23":{"start":{"line":93,"column":12},"end":{"line":93,"column":34}},"24":{"start":{"line":95,"column":12},"end":{"line":95,"column":33}},"25":{"start":{"line":98,"column":8},"end":{"line":98,"column":62}},"26":{"start":{"line":99,"column":8},"end":{"line":99,"column":49}},"27":{"start":{"line":100,"column":8},"end":{"line":100,"column":21}},"28":{"start":{"line":101,"column":8},"end":{"line":101,"column":29}},"29":{"start":{"line":103,"column":8},"end":{"line":103,"column":2904}},"30":{"start":{"line":104,"column":12},"end":{"line":104,"column":2990}},"31":{"start":{"line":108,"column":12},"end":{"line":108,"column":3119}},"32":{"start":{"line":109,"column":16},"end":{"line":109,"column":49}},"33":{"start":{"line":110,"column":19},"end":{"line":110,"column":3204}},"34":{"start":{"line":111,"column":16},"end":{"line":111,"column":48}},"35":{"start":{"line":113,"column":16},"end":{"line":113,"column":53}},"36":{"start":{"line":114,"column":16},"end":{"line":114,"column":52}},"37":{"start":{"line":124,"column":8},"end":{"line":124,"column":44}},"38":{"start":{"line":125,"column":8},"end":{"line":125,"column":3608}},"39":{"start":{"line":126,"column":12},"end":{"line":126,"column":54}},"40":{"start":{"line":127,"column":12},"end":{"line":127,"column":52}},"41":{"start":{"line":128,"column":12},"end":{"line":128,"column":3758}},"42":{"start":{"line":129,"column":16},"end":{"line":129,"column":49}},"43":{"start":{"line":130,"column":19},"end":{"line":130,"column":3857}},"44":{"start":{"line":131,"column":16},"end":{"line":131,"column":48}},"45":{"start":{"line":133,"column":16},"end":{"line":133,"column":53}},"46":{"start":{"line":134,"column":16},"end":{"line":134,"column":52}},"47":{"start":{"line":140,"column":8},"end":{"line":140,"column":54}},"48":{"start":{"line":141,"column":8},"end":{"line":141,"column":50}},"49":{"start":{"line":142,"column":8},"end":{"line":142,"column":4267}},"50":{"start":{"line":153,"column":8},"end":{"line":153,"column":23}},"51":{"start":{"line":154,"column":8},"end":{"line":154,"column":68}},"52":{"start":{"line":162,"column":8},"end":{"line":162,"column":45}},"53":{"start":{"line":163,"column":8},"end":{"line":163,"column":23}},"54":{"start":{"line":164,"column":8},"end":{"line":164,"column":39}},"55":{"start":{"line":165,"column":8},"end":{"line":165,"column":34}},"56":{"start":{"line":170,"column":8},"end":{"line":170,"column":48}},"57":{"start":{"line":178,"column":8},"end":{"line":178,"column":69}},"58":{"start":{"line":186,"column":8},"end":{"line":186,"column":51}},"59":{"start":{"line":187,"column":8},"end":{"line":187,"column":5469}},"60":{"start":{"line":188,"column":12},"end":{"line":188,"column":20}},"61":{"start":{"line":189,"column":15},"end":{"line":189,"column":5520}},"62":{"start":{"line":190,"column":12},"end":{"line":190,"column":20}},"63":{"start":{"line":191,"column":15},"end":{"line":191,"column":5582}},"64":{"start":{"line":192,"column":12},"end":{"line":192,"column":21}},"65":{"start":{"line":194,"column":12},"end":{"line":194,"column":20}}},"branchMap":{"1":{"line":34,"type":"if","locations":[{"start":{"line":34,"column":8},"end":{"line":34,"column":8}},{"start":{"line":34,"column":8},"end":{"line":34,"column":8}}]},"2":{"line":43,"type":"if","locations":[{"start":{"line":43,"column":8},"end":{"line":43,"column":8}},{"start":{"line":43,"column":8},"end":{"line":43,"column":8}}]},"3":{"line":48,"type":"if","locations":[{"start":{"line":48,"column":8},"end":{"line":48,"column":8}},{"start":{"line":48,"column":8},"end":{"line":48,"column":8}}]},"4":{"line":53,"type":"if","locations":[{"start":{"line":53,"column":8},"end":{"line":53,"column":8}},{"start":{"line":53,"column":8},"end":{"line":53,"column":8}}]},"5":{"line":59,"type":"if","locations":[{"start":{"line":59,"column":8},"end":{"line":59,"column":8}},{"start":{"line":59,"column":8},"end":{"line":59,"column":8}}]},"6":{"line":72,"type":"if","locations":[{"start":{"line":72,"column":8},"end":{"line":72,"column":8}},{"start":{"line":72,"column":8},"end":{"line":72,"column":8}}]},"7":{"line":74,"type":"if","locations":[{"start":{"line":74,"column":8},"end":{"line":74,"column":8}},{"start":{"line":74,"column":8},"end":{"line":74,"column":8}}]},"8":{"line":92,"type":"if","locations":[{"start":{"line":92,"column":8},"end":{"line":92,"column":8}},{"start":{"line":92,"column":8},"end":{"line":92,"column":8}}]},"9":{"line":99,"type":"if","locations":[{"start":{"line":99,"column":8},"end":{"line":99,"column":8}},{"start":{"line":99,"column":8},"end":{"line":99,"column":8}}]},"10":{"line":103,"type":"if","locations":[{"start":{"line":103,"column":8},"end":{"line":103,"column":8}},{"start":{"line":103,"column":8},"end":{"line":103,"column":8}}]},"11":{"line":108,"type":"if","locations":[{"start":{"line":108,"column":12},"end":{"line":108,"column":12}},{"start":{"line":108,"column":12},"end":{"line":108,"column":12}}]},"12":{"line":110,"type":"if","locations":[{"start":{"line":110,"column":19},"end":{"line":110,"column":19}},{"start":{"line":110,"column":19},"end":{"line":110,"column":19}}]},"13":{"line":125,"type":"if","locations":[{"start":{"line":125,"column":8},"end":{"line":125,"column":8}},{"start":{"line":125,"column":8},"end":{"line":125,"column":8}}]},"14":{"line":128,"type":"if","locations":[{"start":{"line":128,"column":12},"end":{"line":128,"column":12}},{"start":{"line":128,"column":12},"end":{"line":128,"column":12}}]},"15":{"line":130,"type":"if","locations":[{"start":{"line":130,"column":19},"end":{"line":130,"column":19}},{"start":{"line":130,"column":19},"end":{"line":130,"column":19}}]},"16":{"line":187,"type":"if","locations":[{"start":{"line":187,"column":8},"end":{"line":187,"column":8}},{"start":{"line":187,"column":8},"end":{"line":187,"column":8}}]},"17":{"line":189,"type":"if","locations":[{"start":{"line":189,"column":15},"end":{"line":189,"column":15}},{"start":{"line":189,"column":15},"end":{"line":189,"column":15}}]},"18":{"line":191,"type":"if","locations":[{"start":{"line":191,"column":15},"end":{"line":191,"column":15}},{"start":{"line":191,"column":15},"end":{"line":191,"column":15}}]}}},"contracts/interfaces/IGame.sol":{"l":{},"path":"/home/zhangk/Documents/github/cpchain-dapps-handgame/contracts/interfaces/IGame.sol","s":{},"b":{},"f":{},"fnMap":{},"statementMap":{},"branchMap":{}},"contracts/interfaces/IPlayer.sol":{"l":{},"path":"/home/zhangk/Documents/github/cpchain-dapps-handgame/contracts/interfaces/IPlayer.sol","s":{},"b":{},"f":{},"fnMap":{},"statementMap":{},"branchMap":{}},"contracts/interfaces/IStarter.sol":{"l":{},"path":"/home/zhangk/Documents/github/cpchain-dapps-handgame/contracts/interfaces/IStarter.sol","s":{},"b":{},"f":{},"fnMap":{},"statementMap":{},"branchMap":{}}}